Using pre-set license
Built from '2020.3/staging' branch; Version is '2020.3.32f1 (12f8b0834f07) revision 1243312'; Using compiler version '192528614'; Build Type 'Release'
OS: 'Windows 10  (10.0.19044) 64bit Core' Language: 'en' Physical Memory: 16344 MB
BatchMode: 1, IsHumanControllingUs: 0, StartBugReporterOnCrash: 0, Is64bit: 1, IsPro: 0

COMMAND LINE ARGUMENTS:
C:\Program Files\Unity\Hub\Editor\2020.3.32f1\Editor\Unity.exe
-adb2
-batchMode
-noUpm
-name
AssetImportWorker0
-projectPath
C:/Users/noahc/OneDrive/Documents/GMD210/FishingGame_URP
-logFile
Logs/AssetImportWorker0.log
-srvPort
63695
Successfully changed project path to: C:/Users/noahc/OneDrive/Documents/GMD210/FishingGame_URP
C:/Users/noahc/OneDrive/Documents/GMD210/FishingGame_URP
Using Asset Import Pipeline V2.
Refreshing native plugins compatible for Editor in 77.71 ms, found 2 plugins.
Preloading 0 native plugins for Editor in 0.00 ms.
Initialize engine version: 2020.3.32f1 (12f8b0834f07)
[Subsystems] Discovering subsystems at path C:/Program Files/Unity/Hub/Editor/2020.3.32f1/Editor/Data/Resources/UnitySubsystems
[Subsystems] Discovering subsystems at path C:/Users/noahc/OneDrive/Documents/GMD210/FishingGame_URP/Assets
GfxDevice: creating device client; threaded=0
Direct3D:
    Version:  Direct3D 11.0 [level 11.1]
    Renderer: NVIDIA GeForce GTX 1050 Ti (ID=0x1c82)
    Vendor:   
    VRAM:     4018 MB
    Driver:   30.0.15.1259
Initialize mono
Mono path[0] = 'C:/Program Files/Unity/Hub/Editor/2020.3.32f1/Editor/Data/Managed'
Mono path[1] = 'C:/Program Files/Unity/Hub/Editor/2020.3.32f1/Editor/Data/MonoBleedingEdge/lib/mono/unityjit'
Mono config path = 'C:/Program Files/Unity/Hub/Editor/2020.3.32f1/Editor/Data/MonoBleedingEdge/etc'
Using monoOptions --debugger-agent=transport=dt_socket,embedding=1,server=y,suspend=n,address=127.0.0.1:56124
Begin MonoManager ReloadAssembly
Registering precompiled unity dll's ...
Register platform support module: C:/Program Files/Unity/Hub/Editor/2020.3.32f1/Editor/Data/PlaybackEngines/WindowsStandaloneSupport/UnityEditor.WindowsStandalone.Extensions.dll
Registered in 0.002399 seconds.
Native extension for WindowsStandalone target not found
Refreshing native plugins compatible for Editor in 72.34 ms, found 2 plugins.
Preloading 0 native plugins for Editor in 0.00 ms.
Mono: successfully reloaded assembly
- Completed reload, in  0.751 seconds
Domain Reload Profiling:
	ReloadAssembly (751ms)
		BeginReloadAssembly (82ms)
			ExecutionOrderSort (0ms)
			DisableScriptedObjects (0ms)
			BackupInstance (0ms)
			ReleaseScriptingObjects (0ms)
			CreateAndSetChildDomain (1ms)
		EndReloadAssembly (574ms)
			LoadAssemblies (79ms)
			RebuildTransferFunctionScriptingTraits (0ms)
			SetupTypeCache (187ms)
			ReleaseScriptCaches (0ms)
			RebuildScriptCaches (38ms)
			SetupLoadedEditorAssemblies (225ms)
				LogAssemblyErrors (0ms)
				InitializePlatformSupportModulesInManaged (6ms)
				SetLoadedEditorAssemblies (0ms)
				RefreshPlugins (72ms)
				BeforeProcessingInitializeOnLoad (17ms)
				ProcessInitializeOnLoadAttributes (98ms)
				ProcessInitializeOnLoadMethodAttributes (31ms)
				AfterProcessingInitializeOnLoad (0ms)
				EditorAssembliesLoaded (0ms)
			ExecutionOrderSort2 (0ms)
			AwakeInstancesAfterBackupRestoration (0ms)
Platform modules already initialized, skipping
Registering precompiled user dll's ...
Registered in 0.004814 seconds.
Begin MonoManager ReloadAssembly
Native extension for WindowsStandalone target not found
Refreshing native plugins compatible for Editor in 67.33 ms, found 2 plugins.
Preloading 0 native plugins for Editor in 0.00 ms.
Mono: successfully reloaded assembly
- Completed reload, in  1.517 seconds
Domain Reload Profiling:
	ReloadAssembly (1518ms)
		BeginReloadAssembly (201ms)
			ExecutionOrderSort (0ms)
			DisableScriptedObjects (5ms)
			BackupInstance (0ms)
			ReleaseScriptingObjects (0ms)
			CreateAndSetChildDomain (25ms)
		EndReloadAssembly (1239ms)
			LoadAssemblies (142ms)
			RebuildTransferFunctionScriptingTraits (0ms)
			SetupTypeCache (372ms)
			ReleaseScriptCaches (1ms)
			RebuildScriptCaches (68ms)
			SetupLoadedEditorAssemblies (532ms)
				LogAssemblyErrors (0ms)
				InitializePlatformSupportModulesInManaged (5ms)
				SetLoadedEditorAssemblies (0ms)
				RefreshPlugins (67ms)
				BeforeProcessingInitializeOnLoad (116ms)
				ProcessInitializeOnLoadAttributes (325ms)
				ProcessInitializeOnLoadMethodAttributes (11ms)
				AfterProcessingInitializeOnLoad (8ms)
				EditorAssembliesLoaded (0ms)
			ExecutionOrderSort2 (0ms)
			AwakeInstancesAfterBackupRestoration (7ms)
Platform modules already initialized, skipping
========================================================================
Worker process is ready to serve import requests
Launched and connected shader compiler UnityShaderCompiler.exe after 0.10 seconds
Refreshing native plugins compatible for Editor in 0.63 ms, found 2 plugins.
Preloading 0 native plugins for Editor in 0.00 ms.
Unloading 3165 Unused Serialized files (Serialized files now loaded: 0)
System memory in use before: 149.1 MB.
System memory in use after: 149.3 MB.

Unloading 20 unused Assets to reduce memory usage. Loaded Objects now: 3628.
Total: 3.578300 ms (FindLiveObjects: 0.240400 ms CreateObjectMapping: 0.174700 ms MarkObjects: 3.087200 ms  DeleteObjects: 0.075300 ms)

AssetImportParameters requested are different than current active one (requested -> active):
  requireTextureImportCompression: false -> true
  custom:framework-win-MediaFoundation: 216162199b28c13a410421893ffa2e32 -> 
  custom:video-decoder-ogg-theora: a1e56fd34408186e4bbccfd4996cb3dc -> 
  custom:container-muxer-webm: aa71ff27fc2769a1b78a27578f13a17b -> 
  custom:container-demuxer-webm: 4f35f7cbe854078d1ac9338744f61a02 -> 
  custom:container-demuxer-ogg: 62fdf1f143b41e24485cea50d1cbac27 -> 
  custom:video-encoder-webm-vp8: eb34c28f22e8b96e1ab97ce403110664 -> 
  custom:video-codec-MediaFoundation-h265: 746d11721c4dcdbdad8f713fa42b33f4 -> 
  custom:video-decoder-webm-vp8: 9c59270c3fd7afecdb556c50c9e8de78 -> 
  custom:audio-decoder-ogg-vorbis: bf7c407c2cedff20999df2af8eb42d56 -> 
  custom:audio-encoder-webm-vorbis: bf7c407c2cedff20999df2af8eb42d56 -> 
========================================================================
Received Import Request.
  path: Assets/URP_Default/Scripts/SimpleCameraController.cs
  artifactKey: Guid(be76e5f14cfee674cb30b491fb72b09b) Importer(815301076,1909f56bfc062723c751e8b465ee728b)
Start importing Assets/URP_Default/Scripts/SimpleCameraController.cs using Guid(be76e5f14cfee674cb30b491fb72b09b) Importer(815301076,1909f56bfc062723c751e8b465ee728b)  -> (artifact id: '6fabacd34a50697f141b69331c2a601e') in 0.138323 seconds 
========================================================================
Received Prepare
Registering precompiled user dll's ...
Registered in 0.004378 seconds.
Begin MonoManager ReloadAssembly
Native extension for WindowsStandalone target not found
Refreshing native plugins compatible for Editor in 0.73 ms, found 2 plugins.
Preloading 0 native plugins for Editor in 0.00 ms.
Mono: successfully reloaded assembly
- Completed reload, in  1.339 seconds
Domain Reload Profiling:
	ReloadAssembly (1339ms)
		BeginReloadAssembly (147ms)
			ExecutionOrderSort (0ms)
			DisableScriptedObjects (6ms)
			BackupInstance (0ms)
			ReleaseScriptingObjects (0ms)
			CreateAndSetChildDomain (42ms)
		EndReloadAssembly (1124ms)
			LoadAssemblies (118ms)
			RebuildTransferFunctionScriptingTraits (0ms)
			SetupTypeCache (356ms)
			ReleaseScriptCaches (1ms)
			RebuildScriptCaches (53ms)
			SetupLoadedEditorAssemblies (454ms)
				LogAssemblyErrors (0ms)
				InitializePlatformSupportModulesInManaged (8ms)
				SetLoadedEditorAssemblies (1ms)
				RefreshPlugins (1ms)
				BeforeProcessingInitializeOnLoad (126ms)
				ProcessInitializeOnLoadAttributes (300ms)
				ProcessInitializeOnLoadMethodAttributes (11ms)
				AfterProcessingInitializeOnLoad (8ms)
				EditorAssembliesLoaded (0ms)
			ExecutionOrderSort2 (0ms)
			AwakeInstancesAfterBackupRestoration (13ms)
Platform modules already initialized, skipping
Switching render pipeline 19ba41d7c0026c3459d37c2fe90c55a0 -> 00000000000000000000000000000000
Refreshing native plugins compatible for Editor in 0.59 ms, found 2 plugins.
Preloading 0 native plugins for Editor in 0.00 ms.
Unloading 3051 Unused Serialized files (Serialized files now loaded: 0)
System memory in use before: 141.9 MB.
System memory in use after: 142.1 MB.

Unloading 15 unused Assets to reduce memory usage. Loaded Objects now: 3629.
Total: 3.792200 ms (FindLiveObjects: 0.272900 ms CreateObjectMapping: 0.167100 ms MarkObjects: 3.289900 ms  DeleteObjects: 0.048500 ms)

AssetImportParameters requested are different than current active one (requested -> active):
  requireTextureImportCompression: false -> true
  custom:framework-win-MediaFoundation: 216162199b28c13a410421893ffa2e32 -> 
  custom:video-decoder-ogg-theora: a1e56fd34408186e4bbccfd4996cb3dc -> 
  custom:container-muxer-webm: aa71ff27fc2769a1b78a27578f13a17b -> 
  custom:container-demuxer-webm: 4f35f7cbe854078d1ac9338744f61a02 -> 
  custom:container-demuxer-ogg: 62fdf1f143b41e24485cea50d1cbac27 -> 
  custom:video-encoder-webm-vp8: eb34c28f22e8b96e1ab97ce403110664 -> 
  custom:video-codec-MediaFoundation-h265: 746d11721c4dcdbdad8f713fa42b33f4 -> 
  custom:video-decoder-webm-vp8: 9c59270c3fd7afecdb556c50c9e8de78 -> 
  custom:audio-decoder-ogg-vorbis: bf7c407c2cedff20999df2af8eb42d56 -> 
  custom:audio-encoder-webm-vorbis: bf7c407c2cedff20999df2af8eb42d56 -> 
========================================================================
Received Import Request.
  Time since last request: 36.618676 seconds.
  path: Assets/InputSystem.inputsettings.asset
  artifactKey: Guid(367ca649607038448a2273bc6d57ba86) Importer(815301076,1909f56bfc062723c751e8b465ee728b)
Start importing Assets/InputSystem.inputsettings.asset using Guid(367ca649607038448a2273bc6d57ba86) Importer(815301076,1909f56bfc062723c751e8b465ee728b)  -> (artifact id: '93333e6e166402b55353da3a7c56d800') in 0.075841 seconds 
========================================================================
Received Prepare
Registering precompiled user dll's ...
Registered in 0.004702 seconds.
Begin MonoManager ReloadAssembly
Native extension for WindowsStandalone target not found
Refreshing native plugins compatible for Editor in 0.77 ms, found 2 plugins.
Preloading 0 native plugins for Editor in 0.00 ms.
Mono: successfully reloaded assembly
- Completed reload, in  1.336 seconds
Domain Reload Profiling:
	ReloadAssembly (1336ms)
		BeginReloadAssembly (150ms)
			ExecutionOrderSort (0ms)
			DisableScriptedObjects (5ms)
			BackupInstance (0ms)
			ReleaseScriptingObjects (0ms)
			CreateAndSetChildDomain (44ms)
		EndReloadAssembly (1106ms)
			LoadAssemblies (130ms)
			RebuildTransferFunctionScriptingTraits (0ms)
			SetupTypeCache (373ms)
			ReleaseScriptCaches (2ms)
			RebuildScriptCaches (61ms)
			SetupLoadedEditorAssemblies (419ms)
				LogAssemblyErrors (0ms)
				InitializePlatformSupportModulesInManaged (4ms)
				SetLoadedEditorAssemblies (1ms)
				RefreshPlugins (1ms)
				BeforeProcessingInitializeOnLoad (111ms)
				ProcessInitializeOnLoadAttributes (282ms)
				ProcessInitializeOnLoadMethodAttributes (11ms)
				AfterProcessingInitializeOnLoad (8ms)
				EditorAssembliesLoaded (1ms)
			ExecutionOrderSort2 (0ms)
			AwakeInstancesAfterBackupRestoration (12ms)
Platform modules already initialized, skipping
Refreshing native plugins compatible for Editor in 0.66 ms, found 2 plugins.
Preloading 0 native plugins for Editor in 0.00 ms.
Unloading 3054 Unused Serialized files (Serialized files now loaded: 0)
System memory in use before: 142.0 MB.
System memory in use after: 142.3 MB.

Unloading 13 unused Assets to reduce memory usage. Loaded Objects now: 3634.
Total: 3.438800 ms (FindLiveObjects: 0.225300 ms CreateObjectMapping: 0.142000 ms MarkObjects: 3.010100 ms  DeleteObjects: 0.060700 ms)

AssetImportParameters requested are different than current active one (requested -> active):
  requireTextureImportCompression: false -> true
  custom:framework-win-MediaFoundation: 216162199b28c13a410421893ffa2e32 -> 
  custom:video-decoder-ogg-theora: a1e56fd34408186e4bbccfd4996cb3dc -> 
  custom:container-muxer-webm: aa71ff27fc2769a1b78a27578f13a17b -> 
  custom:container-demuxer-webm: 4f35f7cbe854078d1ac9338744f61a02 -> 
  custom:container-demuxer-ogg: 62fdf1f143b41e24485cea50d1cbac27 -> 
  custom:video-encoder-webm-vp8: eb34c28f22e8b96e1ab97ce403110664 -> 
  custom:video-codec-MediaFoundation-h265: 746d11721c4dcdbdad8f713fa42b33f4 -> 
  custom:video-decoder-webm-vp8: 9c59270c3fd7afecdb556c50c9e8de78 -> 
  custom:audio-decoder-ogg-vorbis: bf7c407c2cedff20999df2af8eb42d56 -> 
  custom:audio-encoder-webm-vorbis: bf7c407c2cedff20999df2af8eb42d56 -> 
========================================================================
Received Import Request.
  Time since last request: 311.220752 seconds.
  path: Assets/Unity Project/Scenes/AmallianCoast.unity
  artifactKey: Guid(78177d0c4a07c60408b25875e8785205) Importer(815301076,1909f56bfc062723c751e8b465ee728b)
Start importing Assets/Unity Project/Scenes/AmallianCoast.unity using Guid(78177d0c4a07c60408b25875e8785205) Importer(815301076,1909f56bfc062723c751e8b465ee728b)  -> (artifact id: 'c50b806f6fae1b48ab342b55136f3626') in 0.021361 seconds 
========================================================================
Received Import Request.
  Time since last request: 0.799754 seconds.
  path: Assets/Unity Project/Scenes/TESTScene.unity
  artifactKey: Guid(19312dfd93aad784fb52d02009b7c528) Importer(815301076,1909f56bfc062723c751e8b465ee728b)
Start importing Assets/Unity Project/Scenes/TESTScene.unity using Guid(19312dfd93aad784fb52d02009b7c528) Importer(815301076,1909f56bfc062723c751e8b465ee728b)  -> (artifact id: '6e90bfc603123b262390c2da84e96b0d') in 0.017377 seconds 
========================================================================
Received Import Request.
  Time since last request: 21.766652 seconds.
  path: Assets/Unity Project/Scripts/Player/Gear/IFireInputListener.cs
  artifactKey: Guid(65a80dc9f519b984d9a6b0e1adf74e46) Importer(815301076,1909f56bfc062723c751e8b465ee728b)
Start importing Assets/Unity Project/Scripts/Player/Gear/IFireInputListener.cs using Guid(65a80dc9f519b984d9a6b0e1adf74e46) Importer(815301076,1909f56bfc062723c751e8b465ee728b)  -> (artifact id: '84b9a703121b92b54a5da0caa193ccd3') in 0.018651 seconds 
========================================================================
Received Import Request.
  Time since last request: 4.450269 seconds.
  path: Assets/Unity Project/Scripts/Player/Gear/ConcreteGear/ConcreteGearContext.cs
  artifactKey: Guid(7409bb63373f53a41b5b9f775bc4753e) Importer(815301076,1909f56bfc062723c751e8b465ee728b)
Start importing Assets/Unity Project/Scripts/Player/Gear/ConcreteGear/ConcreteGearContext.cs using Guid(7409bb63373f53a41b5b9f775bc4753e) Importer(815301076,1909f56bfc062723c751e8b465ee728b)  -> (artifact id: 'efe33c5fb33ad3a1ff7dfc315b638d78') in 0.033702 seconds 
========================================================================
Received Import Request.
  Time since last request: 0.229203 seconds.
  path: Assets/Unity Project/Scripts/Player/Gear/ConcreteGear/ConcreteGearState.cs
  artifactKey: Guid(72947fde39775d64aa34fd9865df97b6) Importer(815301076,1909f56bfc062723c751e8b465ee728b)
Start importing Assets/Unity Project/Scripts/Player/Gear/ConcreteGear/ConcreteGearState.cs using Guid(72947fde39775d64aa34fd9865df97b6) Importer(815301076,1909f56bfc062723c751e8b465ee728b)  -> (artifact id: 'ff6b4ec71890e621dc94783db6de2577') in 0.017710 seconds 
========================================================================
Received Import Request.
  Time since last request: 2.541804 seconds.
  path: Assets/Unity Project/Scripts/Player/Gear/ConcreteGear/FishingRod/FishingRodCasting.cs
  artifactKey: Guid(0ad05022677f7574ea51819bcf6c805d) Importer(815301076,1909f56bfc062723c751e8b465ee728b)
Start importing Assets/Unity Project/Scripts/Player/Gear/ConcreteGear/FishingRod/FishingRodCasting.cs using Guid(0ad05022677f7574ea51819bcf6c805d) Importer(815301076,1909f56bfc062723c751e8b465ee728b)  -> (artifact id: '4753566f9b84a613fef57917e97affe7') in 0.018522 seconds 
========================================================================
Received Import Request.
  Time since last request: 0.222598 seconds.
  path: Assets/Unity Project/Scripts/Player/Gear/ConcreteGear/FishingRod/FishingRodGearContext.cs
  artifactKey: Guid(edda5210f3351834cbc451e7b3313688) Importer(815301076,1909f56bfc062723c751e8b465ee728b)
Start importing Assets/Unity Project/Scripts/Player/Gear/ConcreteGear/FishingRod/FishingRodGearContext.cs using Guid(edda5210f3351834cbc451e7b3313688) Importer(815301076,1909f56bfc062723c751e8b465ee728b)  -> (artifact id: '06ee764e91f6e0140ec1629e36d371ce') in 0.015712 seconds 
AssetImportWorkerClient::OnTransportError - code=2 error=End of file
